<?xml version="1.0" encoding="UTF-8"?>
<testsuite name="com.example.CatFactApiTest" tests="5" skipped="0" failures="0" errors="0" timestamp="2026-04-12T21:00:11.586Z" hostname="Mac" time="0.244">
  <properties/>
  <testcase name="composite limiter enforces stricter of two limits()" classname="com.example.CatFactApiTest" time="0.228"/>
  <testcase name="tryAcquire prevents excess requests()" classname="com.example.CatFactApiTest" time="0.001"/>
  <testcase name="smooth limiter spaces requests evenly()" classname="com.example.CatFactApiTest" time="0.004"/>
  <testcase name="rate limiter paces requests and all succeed()" classname="com.example.CatFactApiTest" time="0.004"/>
  <testcase name="concurrent requests are properly throttled()" classname="com.example.CatFactApiTest" time="0.007"/>
  <system-out><![CDATA[]]></system-out>
  <system-err><![CDATA[]]></system-err>
</testsuite>
