<?xml version="1.0" encoding="UTF-8"?>
<testsuite name="com.example.FlowPipelineTest" tests="3" skipped="0" failures="0" errors="0" timestamp="2026-04-12T18:49:59.372Z" hostname="Mac" time="4.043">
  <properties/>
  <testcase name="flow pipeline can transform and filter with rate limiting()" classname="com.example.FlowPipelineTest" time="1.907"/>
  <testcase name="flow pipeline respects rate limit timing()" classname="com.example.FlowPipelineTest" time="1.065"/>
  <testcase name="flow rateLimit extension processes all items()" classname="com.example.FlowPipelineTest" time="1.069"/>
  <system-out><![CDATA[]]></system-out>
  <system-err><![CDATA[]]></system-err>
</testsuite>
