<?xml version="1.0" encoding="UTF-8"?>
<testsuite name="com.example.PaginatedCrawlTest" tests="2" skipped="0" failures="1" errors="0" timestamp="2026-04-12T18:50:05.490Z" hostname="Mac" time="1.549">
  <properties/>
  <testcase name="paginated crawl fetches all pages at controlled rate()" classname="com.example.PaginatedCrawlTest" time="0.997">
    <failure message="org.opentest4j.AssertionFailedError: 5 pages at 3/sec should span &gt;800ms, took 778ms" type="org.opentest4j.AssertionFailedError">org.opentest4j.AssertionFailedError: 5 pages at 3/sec should span &gt;800ms, took 778ms
	at app//org.junit.jupiter.api.AssertionUtils.fail(AssertionUtils.java:38)
	at app//org.junit.jupiter.api.Assertions.fail(Assertions.java:138)
	at app//kotlin.test.junit5.JUnit5Asserter.fail(JUnitSupport.kt:56)
	at app//kotlin.test.Asserter$DefaultImpls.assertTrue(Assertions.kt:694)
	at app//kotlin.test.junit5.JUnit5Asserter.assertTrue(JUnitSupport.kt:30)
	at app//kotlin.test.Asserter$DefaultImpls.assertTrue(Assertions.kt:704)
	at app//kotlin.test.junit5.JUnit5Asserter.assertTrue(JUnitSupport.kt:30)
	at app//kotlin.test.AssertionsKt__AssertionsKt.assertTrue(Assertions.kt:44)
	at app//kotlin.test.AssertionsKt.assertTrue(Unknown Source)
	at app//com.example.PaginatedCrawlTest$paginated crawl fetches all pages at controlled rate$1.invokeSuspend(PaginatedCrawlTest.kt:57)
	at app//kotlin.coroutines.jvm.internal.BaseContinuationImpl.resumeWith(ContinuationImpl.kt:34)
	at app//kotlinx.coroutines.DispatchedTask.run(DispatchedTask.kt:100)
	at app//kotlinx.coroutines.EventLoopImplBase.processNextEvent(EventLoop.common.kt:263)
	at app//kotlinx.coroutines.BlockingCoroutine.joinBlocking(Builders.kt:95)
	at app//kotlinx.coroutines.BuildersKt__BuildersKt.runBlocking(Builders.kt:69)
	at app//kotlinx.coroutines.BuildersKt.runBlocking(Unknown Source)
	at app//kotlinx.coroutines.BuildersKt__BuildersKt.runBlocking$default(Builders.kt:47)
	at app//kotlinx.coroutines.BuildersKt.runBlocking$default(Unknown Source)
	at app//com.example.PaginatedCrawlTest.paginated crawl fetches all pages at controlled rate(PaginatedCrawlTest.kt:38)
	at java.base@21.0.10/java.lang.reflect.Method.invoke(Method.java:580)
	at java.base@21.0.10/java.util.ArrayList.forEach(ArrayList.java:1596)
	at java.base@21.0.10/java.util.ArrayList.forEach(ArrayList.java:1596)
</failure>
  </testcase>
  <testcase name="paginated crawl returns valid data on each page()" classname="com.example.PaginatedCrawlTest" time="0.552"/>
  <system-out><![CDATA[]]></system-out>
  <system-err><![CDATA[]]></system-err>
</testsuite>
