<?xml version="1.0" encoding="UTF-8"?>
<testsuite name="com.example.FlowPipelineTest" tests="3" skipped="0" failures="0" errors="0" timestamp="2026-04-12T21:00:11.840Z" hostname="Mac" time="0.026">
  <properties/>
  <testcase name="flow pipeline can transform and filter with rate limiting()" classname="com.example.FlowPipelineTest" time="0.018"/>
  <testcase name="flow pipeline respects rate limit timing()" classname="com.example.FlowPipelineTest" time="0.004"/>
  <testcase name="flow rateLimit extension processes all items()" classname="com.example.FlowPipelineTest" time="0.004"/>
  <system-out><![CDATA[]]></system-out>
  <system-err><![CDATA[]]></system-err>
</testsuite>
